生成启动时间为 2017/6/20 21:03:57。
     1>项目“E:\Han_Program\C++\VS\STL\STL\STL.vcxproj”在节点 2 上(build 个目标)。
     1>InitializeBuildStatus:
         正在创建“Debug\STL.unsuccessfulbuild”，因为已指定“AlwaysCreate”。
       ClCompile:
         d:\H_Soft\VS2010\VC\bin\CL.exe /c /Zi /nologo /W3 /WX- /Od /Oy- /D WIN32 /D _DEBUG /D _CONSOLE /D _UNICODE /D UNICODE /Gm /EHsc /RTC1 /MDd /GS /fp:precise /Zc:wchar_t /Zc:forScope /Fo"Debug\\" /Fd"Debug\vc100.pdb" /Gd /TP /analyze- /errorReport:prompt main.cpp
         main.cpp
     1>e:\han_program\c++\vs\stl\stl\Test.h(100): warning C4018: “<”: 有符号/无符号不匹配
     1>e:\han_program\c++\vs\stl\stl\rbtree.h(126): warning C4715: “HanSTL::RBTree<int,int>::insert”: 不是所有的控件路径都返回值
     1>e:\han_program\c++\vs\stl\stl\rbtree.h(177): warning C4715: “HanSTL::RBTree<int,int>::_isRBtree”: 不是所有的控件路径都返回值
       ResourceCompile:
         所有输出均为最新。
       Link:
         d:\H_Soft\VS2010\VC\bin\link.exe /ERRORREPORT:PROMPT /OUT:"E:\Han_Program\C++\VS\STL\Debug\STL.exe" /INCREMENTAL:NO /NOLOGO kernel32.lib user32.lib gdi32.lib winspool.lib comdlg32.lib advapi32.lib shell32.lib ole32.lib oleaut32.lib uuid.lib odbc32.lib odbccp32.lib /MANIFEST:NO /DEBUG /PDB:"E:\Han_Program\C++\VS\STL\Debug\STL.pdb" /SUBSYSTEM:CONSOLE /TLBID:1 /DYNAMICBASE /NXCOMPAT /IMPLIB:"E:\Han_Program\C++\VS\STL\Debug\STL.lib" /MACHINE:X86 Debug\STL.res
         Debug\main.obj
         STL.vcxproj -> E:\Han_Program\C++\VS\STL\Debug\STL.exe
       FinalizeBuildStatus:
         正在删除文件“Debug\STL.unsuccessfulbuild”。
         正在对“Debug\STL.lastbuildstate”执行 Touch 任务。
     1>已完成生成项目“E:\Han_Program\C++\VS\STL\STL\STL.vcxproj”(build 个目标)的操作。

生成成功。

已用时间 00:00:01.54
